This is pdfeTeX, Version 3.141592-1.21a-2.2 (Web2C 7.5.4) (format=pdflatex 2007.5.13)  7 SEP 2007 13:00
entering extended mode
**/tmp/Temp.latex
(/tmp/Temp.latex
LaTeX2e <2003/12/01>
Babel <v3.8d> and hyphenation patterns for american, french, german, ngerman, b
ahasa, basque, bulgarian, catalan, croatian, czech, danish, dutch, esperanto, e
stonian, finnish, greek, icelandic, irish, italian, latin, magyar, norsk, polis
h, portuges, romanian, russian, serbian, slovak, slovene, spanish, swedish, tur
kish, ukrainian, nohyphenation, loaded.
(/usr/share/texmf-tetex/tex/latex/base/article.cls
Document Class: article 2004/02/16 v1.4f Standard LaTeX document class
(/usr/share/texmf-tetex/tex/latex/base/size10.clo
File: size10.clo 2004/02/16 v1.4f Standard LaTeX file (size option)
)
\c@part=\count79
\c@section=\count80
\c@subsection=\count81
\c@subsubsection=\count82
\c@paragraph=\count83
\c@subparagraph=\count84
\c@figure=\count85
\c@table=\count86
\abovecaptionskip=\skip41
\belowcaptionskip=\skip42
\bibindent=\dimen102
)
(/usr/share/texmf-tetex/tex/latex/tools/longtable.sty
Package: longtable 2004/02/01 v4.11 Multi-page Table package (DPC)
\LTleft=\skip43
\LTright=\skip44
\LTpre=\skip45
\LTpost=\skip46
\LTchunksize=\count87
\LTcapwidth=\dimen103
\LT@head=\box26
\LT@firsthead=\box27
\LT@foot=\box28
\LT@lastfoot=\box29
\LT@cols=\count88
\LT@rows=\count89
\c@LT@tables=\count90
\c@LT@chunks=\count91
\LT@p@ftn=\toks14
)
No file Temp.aux.
\openout1 = `Temp.aux'.

LaTeX Font Info:    Checking defaults for OML/cmm/m/it on input line 3.
LaTeX Font Info:    ... okay on input line 3.
LaTeX Font Info:    Checking defaults for T1/cmr/m/n on input line 3.
LaTeX Font Info:    ... okay on input line 3.
LaTeX Font Info:    Checking defaults for OT1/cmr/m/n on input line 3.
LaTeX Font Info:    ... okay on input line 3.
LaTeX Font Info:    Checking defaults for OMS/cmsy/m/n on input line 3.
LaTeX Font Info:    ... okay on input line 3.
LaTeX Font Info:    Checking defaults for OMX/cmex/m/n on input line 3.
LaTeX Font Info:    ... okay on input line 3.
LaTeX Font Info:    Checking defaults for U/cmr/m/n on input line 3.
LaTeX Font Info:    ... okay on input line 3.
Missing character: There is no √ in font cmr10!
Missing character: There is no † in font cmr10!
Missing character: There is no √ in font cmr10!
Missing character: There is no † in font cmr10!
! Extra alignment tab has been changed to \cr.
<recently read> \endtemplate 
                             
l.11 ...it√†(totale elemento) & Unit√† di Misura &
                                                  
? 
! Extra alignment tab has been changed to \cr.
<recently read> \endtemplate 
                             
l.13 A1.1 & Operaio Specializzato & 24 & h &
                                            
? 
! Extra alignment tab has been changed to \cr.
<recently read> \endtemplate 
                             
l.15 A1.11 & Operaio Killer & 144 &  &
                                      
? 

Overfull \hbox (1.16736pt too wide) in alignment at lines 9--17
 [] [] [] [] 
 []


Underfull \vbox (badness 10000) detected at line 17
 []

[1

{/var/lib/texmf/fonts/map/pdftex/updmap/pdftex.map}] (./Temp.aux) ) 
Here is how much of TeX's memory you used:
 294 strings out of 94500
 3147 string characters out of 1175788
 50348 words of memory out of 1000000
 3543 multiletter control sequences out of 10000+50000
 3640 words of font info for 14 fonts, out of 500000 for 2000
 580 hyphenation exceptions out of 8191
 23i,4n,17p,141b,107s stack positions out of 1500i,500n,5000p,200000b,5000s
PDF statistics:
 5 PDF objects out of 300000
 0 named destinations out of 131072
 1 words of extra memory for PDF output out of 65536
 </home/marc
o/.texmf-var/fonts/pk/ljfour/public/cm/cmr10.600pk>
Output written on Temp.pdf (1 page, 14443 bytes).
